SF:lib\src\obx.dart
DA:9,1
DA:11,1
DA:12,1
DA:18,1
DA:20,2
DA:23,1
DA:24,1
DA:25,2
DA:29,1
DA:31,2
DA:32,2
DA:33,2
DA:35,1
DA:38,0
DA:40,0
DA:41,0
DA:42,0
DA:47,0
DA:49,0
DA:51,0
DA:52,0
DA:55,0
DA:57,0
DA:58,0
DA:59,0
DA:60,0
DA:61,0
DA:63,0
DA:64,0
DA:65,0
DA:67,0
DA:68,0
DA:74,1
DA:76,2
DA:81,2
DA:82,1
DA:84,2
DA:85,3
DA:86,1
DA:87,1
DA:88,3
DA:89,1
DA:92,2
DA:95,1
DA:97,2
DA:102,2
DA:103,1
DA:104,2
DA:105,3
DA:106,1
DA:107,0
DA:108,0
DA:109,0
DA:110,0
DA:111,0
DA:112,0
DA:115,2
DA:117,2
DA:120,1
DA:122,2
DA:123,2
DA:126,2
DA:127,1
DA:130,1
DA:144,1
DA:146,1
DA:147,2
DA:150,0
DA:157,1
LF:69
LH:43
end_of_record
SF:lib\watch_state.dart
DA:6,0
LF:1
LH:0
end_of_record
SF:lib\src\reactive_block_ref.dart
DA:10,0
LF:1
LH:0
end_of_record
